Build started 8/15/2014 4:54:21 AM.
     1>Project "C:\Users\admin\Desktop\swmm51006_engine_0\src\vc\VC2010-CLE.vcxproj" on node 2 (Build target(s)).
     1>ClCompile:
         C:\Program Files (x86)\Microsoft Visual Studio 12.0\VC\bin\CL.exe /c /ZI /nologo /W3 /WX- /Od /Oy- /D _MBCS /Gm /EHsc /RTC1 /MDd /GS /fp:precise /Zc:wchar_t /Zc:forScope /Fo"Debug\\" /Fd"Debug\vc120.pdb" /Gd /TC /analyze- /errorReport:prompt ..\stats.c
         stats.c
       Link:
         C:\Program Files (x86)\Microsoft Visual Studio 12.0\VC\bin\link.exe /ERRORREPORT:PROMPT /OUT:"C:\Users\admin\Desktop\swmm51006_engine_0\src\vc\Debug\VC2010-CLE.exe" /INCREMENTAL /NOLOGO kernel32.lib user32.lib gdi32.lib winspool.lib comdlg32.lib advapi32.lib shell32.lib ole32.lib oleaut32.lib uuid.lib odbc32.lib odbccp32.lib /MANIFEST /MANIFESTUAC:"level='asInvoker' uiAccess='false'" /manifest:embed /DEBUG /PDB:"C:\Users\admin\Desktop\swmm51006_engine_0\src\vc\Debug\VC2010-CLE.pdb" /TLBID:1 /DYNAMICBASE /NXCOMPAT /IMPLIB:"C:\Users\admin\Desktop\swmm51006_engine_0\src\vc\Debug\VC2010-CLE.lib" /MACHINE:X86 Debug\climate.obj
         Debug\controls.obj
         Debug\culvert.obj
         Debug\datetime.obj
         Debug\dwflow.obj
         Debug\dynwave.obj
         Debug\error.obj
         Debug\findroot.obj
         Debug\flowrout.obj
         Debug\forcmain.obj
         Debug\gage.obj
         Debug\gwater.obj
         Debug\hash.obj
         Debug\hotstart.obj
         Debug\iface.obj
         Debug\infil.obj
         Debug\inflow.obj
         Debug\input.obj
         Debug\inputrpt.obj
         Debug\keywords.obj
         Debug\kinwave.obj
         Debug\landuse.obj
         Debug\lid.obj
         Debug\lidproc.obj
         Debug\link.obj
         Debug\massbal.obj
         Debug\mathexpr.obj
         Debug\mempool.obj
         Debug\node.obj
         Debug\odesolve.obj
         Debug\output.obj
         Debug\project.obj
         Debug\qualrout.obj
         Debug\rain.obj
         Debug\rdii.obj
         Debug\report.obj
         Debug\routing.obj
         Debug\runoff.obj
         Debug\shape.obj
         Debug\snow.obj
         Debug\stats.obj
         Debug\statsrpt.obj
         Debug\subcatch.obj
         Debug\swmm5.obj
         Debug\table.obj
         Debug\toposort.obj
         Debug\transect.obj
         Debug\treatmnt.obj
         Debug\xsect.obj
         VC2010-CLE.vcxproj -> C:\Users\admin\Desktop\swmm51006_engine_0\src\vc\Debug\VC2010-CLE.exe
     1>Done Building Project "C:\Users\admin\Desktop\swmm51006_engine_0\src\vc\VC2010-CLE.vcxproj" (Build target(s)).

Build succeeded.

Time Elapsed 00:00:00.65
