Build started 10/8/2014 2:04:46 PM.
     1>Project "C:\Users\admin\Desktop\GISWATER\Source\models\swmm_custom\swmm51006_engine_0\src\vc\VC2010-CLE.vcxproj" on node 2 (Build target(s)).
     1>Link:
         C:\Program Files (x86)\Microsoft Visual Studio 12.0\VC\bin\link.exe /ERRORREPORT:PROMPT /OUT:"C:\Users\admin\Desktop\GISWATER\Source\models\swmm_custom\swmm51006_engine_0\src\vc\Release\swmm51006_c_Win32.exe" /NOLOGO kernel32.lib user32.lib gdi32.lib winspool.lib comdlg32.lib advapi32.lib shell32.lib ole32.lib oleaut32.lib uuid.lib odbc32.lib odbccp32.lib /MANIFEST:NO /DEBUG /PDB:"C:\Users\admin\Desktop\GISWATER\Source\models\swmm_custom\swmm51006_engine_0\src\vc\Release\swmm51006_c_Win32.pdb" /OPT:REF /OPT:ICF /LTCG /TLBID:1 /DYNAMICBASE /NXCOMPAT /IMPLIB:"C:\Users\admin\Desktop\GISWATER\Source\models\swmm_custom\swmm51006_engine_0\src\vc\Release\swmm51006_c_Win32.lib" /MACHINE:X86 /SAFESEH Release\climate.obj
         Release\controls.obj
         Release\culvert.obj
         Release\datetime.obj
         Release\dwflow.obj
         Release\dynwave.obj
         Release\error.obj
         Release\findroot.obj
         Release\flowrout.obj
         Release\forcmain.obj
         Release\gage.obj
         Release\gwater.obj
         Release\hash.obj
         Release\hotstart.obj
         Release\iface.obj
         Release\infil.obj
         Release\inflow.obj
         Release\input.obj
         Release\inputrpt.obj
         Release\keywords.obj
         Release\kinwave.obj
         Release\landuse.obj
         Release\lid.obj
         Release\lidproc.obj
         Release\link.obj
         Release\massbal.obj
         Release\mathexpr.obj
         Release\mempool.obj
         Release\node.obj
         Release\odesolve.obj
         Release\output.obj
         Release\project.obj
         Release\qualrout.obj
         Release\rain.obj
         Release\rdii.obj
         Release\report.obj
         Release\routing.obj
         Release\runoff.obj
         Release\shape.obj
         Release\snow.obj
         Release\stats.obj
         Release\statsrpt.obj
         Release\subcatch.obj
         Release\swmm5.obj
         Release\table.obj
         Release\toposort.obj
         Release\transect.obj
         Release\treatmnt.obj
         Release\xsect.obj
            Creating library C:\Users\admin\Desktop\GISWATER\Source\models\swmm_custom\swmm51006_engine_0\src\vc\Release\swmm51006_c_Win32.lib and object C:\Users\admin\Desktop\GISWATER\Source\models\swmm_custom\swmm51006_engine_0\src\vc\Release\swmm51006_c_Win32.exp
         Generating code
         Finished generating code
         VC2010-CLE.vcxproj -> C:\Users\admin\Desktop\GISWATER\Source\models\swmm_custom\swmm51006_engine_0\src\vc\Release\swmm51006_c_Win32.exe
       PostBuildEvent:
         copy C:\Users\admin\Desktop\GISWATER\Source\models\swmm_custom\swmm51006_engine_0\src\vc\Release\swmm51006_c_Win32.exe ..\..\..\..\bin\
         :VCEnd
                 1 file(s) copied.
     1>Done Building Project "C:\Users\admin\Desktop\GISWATER\Source\models\swmm_custom\swmm51006_engine_0\src\vc\VC2010-CLE.vcxproj" (Build target(s)).

Build succeeded.

Time Elapsed 00:00:03.32
