Build started 10/8/2014 1:43:01 PM.
     1>Project "C:\Users\admin\Desktop\GISWATER\Source\models\swmm2d\2D\SWMM2D.vcxproj" on node 2 (Build target(s)).
     1>Link:
         C:\Program Files (x86)\Microsoft Visual Studio 12.0\VC\bin\link.exe /ERRORREPORT:PROMPT /OUT:"C:\Users\admin\Desktop\GISWATER\Source\models\swmm2d\2D\Debug\swmm51006_2d_Win32.exe" /INCREMENTAL /NOLOGO /LIBPATH:G:\Programas\SWMM2D\lib shapelib32.lib kernel32.lib user32.lib gdi32.lib winspool.lib comdlg32.lib advapi32.lib shell32.lib ole32.lib oleaut32.lib uuid.lib odbc32.lib odbccp32.lib /MANIFEST /MANIFESTUAC:"level='asInvoker' uiAccess='false'" /manifest:embed /DEBUG /PDB:"C:\Users\admin\Desktop\GISWATER\Source\models\swmm2d\2D\Debug\swmm51006_2d_Win32.pdb" /SUBSYSTEM:CONSOLE /TLBID:1 /DYNAMICBASE /NXCOMPAT /IMPLIB:"C:\Users\admin\Desktop\GISWATER\Source\models\swmm2d\2D\Debug\swmm51006_2d_Win32.lib" /MACHINE:X86 /SAFESEH Debug\climate.obj
         Debug\controls.obj
         Debug\culvert.obj
         Debug\datetime.obj
         Debug\dwflow.obj
         Debug\dynwave.obj
         Debug\error.obj
         Debug\findroot.obj
         Debug\flowrout.obj
         Debug\forcmain.obj
         Debug\gage.obj
         Debug\gwater.obj
         Debug\hash.obj
         Debug\hotstart.obj
         Debug\iface.obj
         Debug\infil.obj
         Debug\inflow.obj
         Debug\input.obj
         Debug\inputrpt.obj
         Debug\keywords.obj
         Debug\kinwave.obj
         Debug\landuse.obj
         Debug\lid.obj
         Debug\lidproc.obj
         Debug\link.obj
         Debug\massbal.obj
         Debug\mathexpr.obj
         Debug\mempool.obj
         Debug\node.obj
         Debug\odesolve.obj
         Debug\output.obj
         Debug\project.obj
         Debug\qualrout.obj
         Debug\rain.obj
         Debug\rdii.obj
         Debug\report.obj
         Debug\routing.obj
         Debug\runoff.obj
         Debug\shape.obj
         Debug\snow.obj
         Debug\stats.obj
         Debug\statsrpt.obj
         Debug\subcatch.obj
         Debug\swmm5.obj
         Debug\table.obj
         Debug\toposort.obj
         Debug\transect.obj
         Debug\treatmnt.obj
         Debug\xsect.obj
         Debug\Clockwise.obj
         Debug\PlaneFit.obj
         Debug\dem.obj
         Debug\dw2Dflow.obj
     1>climate.obj : warning LNK4075: ignoring '/EDITANDCONTINUE' due to '/SAFESEH' specification
            Creating library C:\Users\admin\Desktop\GISWATER\Source\models\swmm2d\2D\Debug\swmm51006_2d_Win32.lib and object C:\Users\admin\Desktop\GISWATER\Source\models\swmm2d\2D\Debug\swmm51006_2d_Win32.exp
     1>shapelib32.lib(dbfopen.obj) : warning LNK4099: PDB 'vc80.pdb' was not found with 'shapelib32.lib(dbfopen.obj)' or at 'C:\Users\admin\Desktop\GISWATER\Source\models\swmm2d\2D\Debug\vc80.pdb'; linking object as if no debug info
     1>shapelib32.lib(safileio.obj) : warning LNK4099: PDB 'vc80.pdb' was not found with 'shapelib32.lib(safileio.obj)' or at 'C:\Users\admin\Desktop\GISWATER\Source\models\swmm2d\2D\Debug\vc80.pdb'; linking object as if no debug info
     1>shapelib32.lib(shpopen.obj) : warning LNK4099: PDB 'vc80.pdb' was not found with 'shapelib32.lib(shpopen.obj)' or at 'C:\Users\admin\Desktop\GISWATER\Source\models\swmm2d\2D\Debug\vc80.pdb'; linking object as if no debug info
         SWMM2D.vcxproj -> C:\Users\admin\Desktop\GISWATER\Source\models\swmm2d\2D\Debug\swmm51006_2d_Win32.exe
     1>Done Building Project "C:\Users\admin\Desktop\GISWATER\Source\models\swmm2d\2D\SWMM2D.vcxproj" (Build target(s)).

Build succeeded.

Time Elapsed 00:00:04.28
